Job-shop model

Number of workstations                    5

Number of machines in each station     3    2    4    3    1

Number of job types                        3

Number of tasks for each job type     4    3    5

Distribution function of job types    0.300   0.800   1.000

Mean interarrival time of jobs          0.25 hours

Length of the simulation               365.0 eight-hour days


Job type Workstations on route

   1     3    1    2    5

   2     4    1    3

   3     2    5    1    4    3


Job type Mean service time (in hours) for successive tasks

   1      0.50     0.60     0.85     0.50

   2      1.10     0.80     0.75

   3      1.20     0.25     0.70     0.90     1.00



Job type Average total delay in queue

   1                     10.640

   2                      8.499

   3                     15.419

Overall average job total delay =    10.525



 Work Average number Average Average delay
station in queue utilization in queue

   1           11.979            0.958            2.978

   2           12.704            0.975            6.317

   3            0.803            0.729            0.200

   4           14.745            0.960            5.267

   5            2.026            0.800            1.008